{"/home/artur.ceschin/Desktop/UniObj/AutomatedTests/onboarding-exercise/src/FreightCalculation/Cart.ts": {"path":"/home/artur.ceschin/Desktop/UniObj/AutomatedTests/onboarding-exercise/src/FreightCalculation/Cart.ts","statementMap":{"0":{"start":{"line":1,"column":0},"end":{"line":1,"column":29}},"1":{"start":{"line":10,"column":4},"end":{"line":10,"column":null}},"2":{"start":{"line":11,"column":4},"end":{"line":11,"column":null}},"3":{"start":{"line":15,"column":22},"end":{"line":16,"column":null}},"4":{"start":{"line":16,"column":16},"end":{"line":16,"column":50}},"5":{"start":{"line":19,"column":4},"end":{"line":22,"column":null}},"6":{"start":{"line":20,"column":6},"end":{"line":20,"column":null}},"7":{"start":{"line":21,"column":6},"end":{"line":21,"column":12}},"8":{"start":{"line":24,"column":4},"end":{"line":24,"column":null}},"9":{"start":{"line":25,"column":4},"end":{"line":25,"column":10}},"10":{"start":{"line":29,"column":25},"end":{"line":29,"column":26}},"11":{"start":{"line":31,"column":4},"end":{"line":35,"column":null}},"12":{"start":{"line":33,"column":8},"end":{"line":33,"column":55}},"13":{"start":{"line":37,"column":4},"end":{"line":37,"column":null}},"14":{"start":{"line":41,"column":25},"end":{"line":41,"column":26}},"15":{"start":{"line":43,"column":4},"end":{"line":46,"column":null}},"16":{"start":{"line":44,"column":37},"end":{"line":44,"column":58}},"17":{"start":{"line":48,"column":4},"end":{"line":48,"column":null}},"18":{"start":{"line":52,"column":22},"end":{"line":53,"column":null}},"19":{"start":{"line":53,"column":16},"end":{"line":53,"column":50}},"20":{"start":{"line":56,"column":4},"end":{"line":63,"column":null}},"21":{"start":{"line":57,"column":6},"end":{"line":60,"column":null}},"22":{"start":{"line":58,"column":8},"end":{"line":58,"column":null}},"23":{"start":{"line":59,"column":8},"end":{"line":59,"column":14}},"24":{"start":{"line":61,"column":6},"end":{"line":61,"column":null}},"25":{"start":{"line":62,"column":6},"end":{"line":62,"column":12}},"26":{"start":{"line":65,"column":4},"end":{"line":65,"column":10}},"27":{"start":{"line":69,"column":4},"end":{"line":69,"column":null}},"28":{"start":{"line":70,"column":4},"end":{"line":70,"column":10}},"29":{"start":{"line":5,"column":0},"end":{"line":5,"column":13}}},"fnMap":{"0":{"name":"(anonymous_0)","decl":{"start":{"line":9,"column":2},"end":{"line":9,"column":14}},"loc":{"start":{"line":9,"column":24},"end":{"line":12,"column":3}}},"1":{"name":"(anonymous_1)","decl":{"start":{"line":14,"column":2},"end":{"line":14,"column":15}},"loc":{"start":{"line":14,"column":50},"end":{"line":26,"column":3}}},"2":{"name":"(anonymous_2)","decl":{"start":{"line":16,"column":6},"end":{"line":16,"column":7}},"loc":{"start":{"line":16,"column":16},"end":{"line":16,"column":50}}},"3":{"name":"(anonymous_3)","decl":{"start":{"line":28,"column":2},"end":{"line":28,"column":15}},"loc":{"start":{"line":28,"column":15},"end":{"line":38,"column":3}}},"4":{"name":"(anonymous_4)","decl":{"start":{"line":32,"column":6},"end":{"line":32,"column":7}},"loc":{"start":{"line":33,"column":8},"end":{"line":33,"column":55}}},"5":{"name":"(anonymous_5)","decl":{"start":{"line":40,"column":2},"end":{"line":40,"column":28}},"loc":{"start":{"line":40,"column":28},"end":{"line":49,"column":3}}},"6":{"name":"(anonymous_6)","decl":{"start":{"line":44,"column":6},"end":{"line":44,"column":7}},"loc":{"start":{"line":44,"column":37},"end":{"line":44,"column":58}}},"7":{"name":"(anonymous_7)","decl":{"start":{"line":51,"column":2},"end":{"line":51,"column":18}},"loc":{"start":{"line":51,"column":35},"end":{"line":66,"column":3}}},"8":{"name":"(anonymous_8)","decl":{"start":{"line":53,"column":6},"end":{"line":53,"column":7}},"loc":{"start":{"line":53,"column":16},"end":{"line":53,"column":50}}},"9":{"name":"(anonymous_9)","decl":{"start":{"line":68,"column":2},"end":{"line":68,"column":16}},"loc":{"start":{"line":68,"column":16},"end":{"line":71,"column":3}}}},"branchMap":{"0":{"loc":{"start":{"line":19,"column":4},"end":{"line":22,"column":null}},"type":"if","locations":[{"start":{"line":19,"column":4},"end":{"line":22,"column":null}}]},"1":{"loc":{"start":{"line":56,"column":4},"end":{"line":63,"column":null}},"type":"if","locations":[{"start":{"line":56,"column":4},"end":{"line":63,"column":null}}]},"2":{"loc":{"start":{"line":57,"column":6},"end":{"line":60,"column":null}},"type":"if","locations":[{"start":{"line":57,"column":6},"end":{"line":60,"column":null}}]}},"s":{"0":2,"1":3,"2":3,"3":10,"4":1,"5":10,"6":0,"7":0,"8":10,"9":10,"10":10,"11":10,"12":7,"13":10,"14":5,"15":5,"16":3,"17":5,"18":2,"19":1,"20":2,"21":1,"22":0,"23":0,"24":1,"25":1,"26":1,"27":13,"28":13,"29":2},"f":{"0":3,"1":10,"2":1,"3":10,"4":7,"5":5,"6":3,"7":2,"8":1,"9":13},"b":{"0":[0],"1":[1],"2":[0]}}
,"/home/artur.ceschin/Desktop/UniObj/AutomatedTests/onboarding-exercise/src/FreightCalculation/FreightCalculator.ts": {"path":"/home/artur.ceschin/Desktop/UniObj/AutomatedTests/onboarding-exercise/src/FreightCalculation/FreightCalculator.ts","statementMap":{"0":{"start":{"line":8,"column":4},"end":{"line":8,"column":null}},"1":{"start":{"line":12,"column":4},"end":{"line":12,"column":null}},"2":{"start":{"line":16,"column":21},"end":{"line":16,"column":41}},"3":{"start":{"line":17,"column":4},"end":{"line":19,"column":null}},"4":{"start":{"line":18,"column":6},"end":{"line":18,"column":null}},"5":{"start":{"line":20,"column":4},"end":{"line":20,"column":null}},"6":{"start":{"line":4,"column":0},"end":{"line":4,"column":13}}},"fnMap":{"0":{"name":"(anonymous_0)","decl":{"start":{"line":7,"column":2},"end":{"line":7,"column":14}},"loc":{"start":{"line":7,"column":31},"end":{"line":9,"column":3}}},"1":{"name":"(anonymous_1)","decl":{"start":{"line":11,"column":2},"end":{"line":11,"column":17}},"loc":{"start":{"line":11,"column":31},"end":{"line":13,"column":3}}},"2":{"name":"(anonymous_2)","decl":{"start":{"line":15,"column":2},"end":{"line":15,"column":20}},"loc":{"start":{"line":15,"column":31},"end":{"line":21,"column":3}}}},"branchMap":{"0":{"loc":{"start":{"line":12,"column":11},"end":{"line":12,"column":36}},"type":"binary-expr","locations":[{"start":{"line":12,"column":11},"end":{"line":12,"column":22}},{"start":{"line":12,"column":26},"end":{"line":12,"column":36}}]},"1":{"loc":{"start":{"line":17,"column":4},"end":{"line":19,"column":null}},"type":"if","locations":[{"start":{"line":17,"column":4},"end":{"line":19,"column":null}}]}},"s":{"0":4,"1":4,"2":4,"3":4,"4":0,"5":4,"6":1},"f":{"0":4,"1":4,"2":4},"b":{"0":[4,1],"1":[0]}}
,"/home/artur.ceschin/Desktop/UniObj/AutomatedTests/onboarding-exercise/src/FreightCalculation/Item.ts": {"path":"/home/artur.ceschin/Desktop/UniObj/AutomatedTests/onboarding-exercise/src/FreightCalculation/Item.ts","statementMap":{"0":{"start":{"line":8,"column":4},"end":{"line":8,"column":null}},"1":{"start":{"line":9,"column":4},"end":{"line":9,"column":null}},"2":{"start":{"line":3,"column":0},"end":{"line":3,"column":13}}},"fnMap":{"0":{"name":"(anonymous_0)","decl":{"start":{"line":7,"column":2},"end":{"line":7,"column":14}},"loc":{"start":{"line":7,"column":48},"end":{"line":10,"column":3}}}},"branchMap":{},"s":{"0":10,"1":10,"2":2},"f":{"0":10},"b":{}}
,"/home/artur.ceschin/Desktop/UniObj/AutomatedTests/onboarding-exercise/src/FreightCalculation/MailService.ts": {"path":"/home/artur.ceschin/Desktop/UniObj/AutomatedTests/onboarding-exercise/src/FreightCalculation/MailService.ts","statementMap":{"0":{"start":{"line":4,"column":4},"end":{"line":4,"column":null}},"1":{"start":{"line":8,"column":4},"end":{"line":8,"column":null}},"2":{"start":{"line":1,"column":0},"end":{"line":1,"column":13}}},"fnMap":{"0":{"name":"(anonymous_0)","decl":{"start":{"line":3,"column":2},"end":{"line":3,"column":14}},"loc":{"start":{"line":3,"column":25},"end":{"line":5,"column":3}}},"1":{"name":"(anonymous_1)","decl":{"start":{"line":7,"column":2},"end":{"line":7,"column":19}},"loc":{"start":{"line":7,"column":31},"end":{"line":9,"column":3}}}},"branchMap":{},"s":{"0":1,"1":0,"2":1},"f":{"0":1,"1":0},"b":{}}
,"/home/artur.ceschin/Desktop/UniObj/AutomatedTests/onboarding-exercise/src/FreightCalculation/Product.ts": {"path":"/home/artur.ceschin/Desktop/UniObj/AutomatedTests/onboarding-exercise/src/FreightCalculation/Product.ts","statementMap":{"0":{"start":{"line":6,"column":4},"end":{"line":6,"column":null}},"1":{"start":{"line":7,"column":4},"end":{"line":7,"column":null}},"2":{"start":{"line":11,"column":4},"end":{"line":11,"column":null}},"3":{"start":{"line":15,"column":4},"end":{"line":15,"column":null}},"4":{"start":{"line":19,"column":4},"end":{"line":19,"column":null}},"5":{"start":{"line":1,"column":0},"end":{"line":1,"column":13}}},"fnMap":{"0":{"name":"(anonymous_0)","decl":{"start":{"line":5,"column":2},"end":{"line":5,"column":14}},"loc":{"start":{"line":5,"column":41},"end":{"line":8,"column":3}}},"1":{"name":"(anonymous_1)","decl":{"start":{"line":10,"column":2},"end":{"line":10,"column":9}},"loc":{"start":{"line":10,"column":9},"end":{"line":12,"column":3}}},"2":{"name":"(anonymous_2)","decl":{"start":{"line":14,"column":2},"end":{"line":14,"column":10}},"loc":{"start":{"line":14,"column":10},"end":{"line":16,"column":3}}},"3":{"name":"(anonymous_3)","decl":{"start":{"line":18,"column":2},"end":{"line":18,"column":10}},"loc":{"start":{"line":18,"column":24},"end":{"line":20,"column":3}}}},"branchMap":{},"s":{"0":12,"1":12,"2":1,"3":1,"4":0,"5":3},"f":{"0":12,"1":1,"2":1,"3":0},"b":{}}
,"/home/artur.ceschin/Desktop/UniObj/AutomatedTests/onboarding-exercise/src/FreightCalculation/User.ts": {"path":"/home/artur.ceschin/Desktop/UniObj/AutomatedTests/onboarding-exercise/src/FreightCalculation/User.ts","statementMap":{"0":{"start":{"line":6,"column":4},"end":{"line":6,"column":null}},"1":{"start":{"line":7,"column":4},"end":{"line":7,"column":null}},"2":{"start":{"line":11,"column":4},"end":{"line":11,"column":null}},"3":{"start":{"line":15,"column":4},"end":{"line":15,"column":null}},"4":{"start":{"line":1,"column":0},"end":{"line":1,"column":13}}},"fnMap":{"0":{"name":"(anonymous_0)","decl":{"start":{"line":5,"column":2},"end":{"line":5,"column":14}},"loc":{"start":{"line":5,"column":39},"end":{"line":8,"column":3}}},"1":{"name":"(anonymous_1)","decl":{"start":{"line":10,"column":2},"end":{"line":10,"column":9}},"loc":{"start":{"line":10,"column":9},"end":{"line":12,"column":3}}},"2":{"name":"(anonymous_2)","decl":{"start":{"line":14,"column":2},"end":{"line":14,"column":8}},"loc":{"start":{"line":14,"column":8},"end":{"line":16,"column":3}}}},"branchMap":{},"s":{"0":4,"1":4,"2":1,"3":1,"4":3},"f":{"0":4,"1":1,"2":1},"b":{}}
,"/home/artur.ceschin/Desktop/UniObj/AutomatedTests/onboarding-exercise/src/HappyNumbers/index.ts": {"path":"/home/artur.ceschin/Desktop/UniObj/AutomatedTests/onboarding-exercise/src/HappyNumbers/index.ts","statementMap":{"0":{"start":{"line":3,"column":14},"end":{"line":3,"column":15}},"1":{"start":{"line":5,"column":4},"end":{"line":9,"column":null}},"2":{"start":{"line":6,"column":14},"end":{"line":6,"column":24}},"3":{"start":{"line":7,"column":6},"end":{"line":7,"column":null}},"4":{"start":{"line":8,"column":6},"end":{"line":8,"column":null}},"5":{"start":{"line":10,"column":4},"end":{"line":14,"column":null}},"6":{"start":{"line":11,"column":6},"end":{"line":11,"column":null}},"7":{"start":{"line":12,"column":11},"end":{"line":14,"column":null}},"8":{"start":{"line":13,"column":6},"end":{"line":13,"column":null}},"9":{"start":{"line":16,"column":4},"end":{"line":16,"column":null}},"10":{"start":{"line":1,"column":0},"end":{"line":1,"column":21}}},"fnMap":{"0":{"name":"(anonymous_0)","decl":{"start":{"line":2,"column":2},"end":{"line":2,"column":9}},"loc":{"start":{"line":2,"column":23},"end":{"line":17,"column":3}}}},"branchMap":{"0":{"loc":{"start":{"line":10,"column":4},"end":{"line":14,"column":null}},"type":"if","locations":[{"start":{"line":10,"column":4},"end":{"line":14,"column":null}},{"start":{"line":12,"column":11},"end":{"line":14,"column":null}}]},"1":{"loc":{"start":{"line":12,"column":11},"end":{"line":14,"column":null}},"type":"if","locations":[{"start":{"line":12,"column":11},"end":{"line":14,"column":null}}]},"2":{"loc":{"start":{"line":12,"column":15},"end":{"line":12,"column":34}},"type":"binary-expr","locations":[{"start":{"line":12,"column":15},"end":{"line":12,"column":22}},{"start":{"line":12,"column":26},"end":{"line":12,"column":34}}]}},"s":{"0":0,"1":0,"2":0,"3":0,"4":0,"5":0,"6":0,"7":0,"8":0,"9":0,"10":0},"f":{"0":0},"b":{"0":[0,0],"1":[0],"2":[0,0]}}
,"/home/artur.ceschin/Desktop/UniObj/AutomatedTests/onboarding-exercise/src/MultipleOfThreeOrFive/index.ts": {"path":"/home/artur.ceschin/Desktop/UniObj/AutomatedTests/onboarding-exercise/src/MultipleOfThreeOrFive/index.ts","statementMap":{"0":{"start":{"line":3,"column":26},"end":{"line":3,"column":27}},"1":{"start":{"line":4,"column":25},"end":{"line":4,"column":26}},"2":{"start":{"line":6,"column":4},"end":{"line":13,"column":null}},"3":{"start":{"line":6,"column":17},"end":{"line":6,"column":18}},"4":{"start":{"line":7,"column":6},"end":{"line":9,"column":null}},"5":{"start":{"line":8,"column":8},"end":{"line":8,"column":null}},"6":{"start":{"line":10,"column":6},"end":{"line":12,"column":null}},"7":{"start":{"line":11,"column":8},"end":{"line":11,"column":null}},"8":{"start":{"line":15,"column":4},"end":{"line":15,"column":null}},"9":{"start":{"line":19,"column":26},"end":{"line":19,"column":27}},"10":{"start":{"line":20,"column":25},"end":{"line":20,"column":26}},"11":{"start":{"line":21,"column":26},"end":{"line":21,"column":27}},"12":{"start":{"line":23,"column":4},"end":{"line":33,"column":null}},"13":{"start":{"line":23,"column":17},"end":{"line":23,"column":18}},"14":{"start":{"line":24,"column":6},"end":{"line":26,"column":null}},"15":{"start":{"line":25,"column":8},"end":{"line":25,"column":null}},"16":{"start":{"line":27,"column":6},"end":{"line":29,"column":null}},"17":{"start":{"line":28,"column":8},"end":{"line":28,"column":null}},"18":{"start":{"line":30,"column":6},"end":{"line":32,"column":null}},"19":{"start":{"line":31,"column":8},"end":{"line":31,"column":null}},"20":{"start":{"line":35,"column":4},"end":{"line":35,"column":null}},"21":{"start":{"line":1,"column":0},"end":{"line":1,"column":21}}},"fnMap":{"0":{"name":"(anonymous_0)","decl":{"start":{"line":2,"column":2},"end":{"line":2,"column":18}},"loc":{"start":{"line":2,"column":32},"end":{"line":16,"column":3}}},"1":{"name":"(anonymous_1)","decl":{"start":{"line":18,"column":2},"end":{"line":18,"column":23}},"loc":{"start":{"line":18,"column":37},"end":{"line":36,"column":3}}}},"branchMap":{"0":{"loc":{"start":{"line":7,"column":6},"end":{"line":9,"column":null}},"type":"if","locations":[{"start":{"line":7,"column":6},"end":{"line":9,"column":null}}]},"1":{"loc":{"start":{"line":10,"column":6},"end":{"line":12,"column":null}},"type":"if","locations":[{"start":{"line":10,"column":6},"end":{"line":12,"column":null}}]},"2":{"loc":{"start":{"line":24,"column":6},"end":{"line":26,"column":null}},"type":"if","locations":[{"start":{"line":24,"column":6},"end":{"line":26,"column":null}}]},"3":{"loc":{"start":{"line":27,"column":6},"end":{"line":29,"column":null}},"type":"if","locations":[{"start":{"line":27,"column":6},"end":{"line":29,"column":null}}]},"4":{"loc":{"start":{"line":30,"column":6},"end":{"line":32,"column":null}},"type":"if","locations":[{"start":{"line":30,"column":6},"end":{"line":32,"column":null}}]}},"s":{"0":0,"1":0,"2":0,"3":0,"4":0,"5":0,"6":0,"7":0,"8":0,"9":0,"10":0,"11":0,"12":0,"13":0,"14":0,"15":0,"16":0,"17":0,"18":0,"19":0,"20":0,"21":0},"f":{"0":0,"1":0},"b":{"0":[0],"1":[0],"2":[0],"3":[0],"4":[0]}}
,"/home/artur.ceschin/Desktop/UniObj/AutomatedTests/onboarding-exercise/src/WordsInNumbers/index.ts": {"path":"/home/artur.ceschin/Desktop/UniObj/AutomatedTests/onboarding-exercise/src/WordsInNumbers/index.ts","statementMap":{"0":{"start":{"line":4,"column":27},"end":{"line":4,"column":42}},"1":{"start":{"line":6,"column":37},"end":{"line":6,"column":39}},"2":{"start":{"line":8,"column":4},"end":{"line":17,"column":null}},"3":{"start":{"line":9,"column":21},"end":{"line":9,"column":41}},"4":{"start":{"line":10,"column":6},"end":{"line":16,"column":null}},"5":{"start":{"line":11,"column":26},"end":{"line":11,"column":37}},"6":{"start":{"line":12,"column":8},"end":{"line":12,"column":null}},"7":{"start":{"line":13,"column":13},"end":{"line":16,"column":null}},"8":{"start":{"line":14,"column":26},"end":{"line":14,"column":37}},"9":{"start":{"line":15,"column":8},"end":{"line":15,"column":null}},"10":{"start":{"line":19,"column":4},"end":{"line":19,"column":null}},"11":{"start":{"line":23,"column":27},"end":{"line":23,"column":62}},"12":{"start":{"line":24,"column":27},"end":{"line":26,"column":6}},"13":{"start":{"line":25,"column":6},"end":{"line":25,"column":null}},"14":{"start":{"line":28,"column":4},"end":{"line":28,"column":null}},"15":{"start":{"line":32,"column":27},"end":{"line":32,"column":62}},"16":{"start":{"line":35,"column":20},"end":{"line":44,"column":6}},"17":{"start":{"line":36,"column":6},"end":{"line":36,"column":null}},"18":{"start":{"line":36,"column":24},"end":{"line":36,"column":null}},"19":{"start":{"line":38,"column":6},"end":{"line":42,"column":null}},"20":{"start":{"line":38,"column":19},"end":{"line":38,"column":20}},"21":{"start":{"line":39,"column":8},"end":{"line":41,"column":null}},"22":{"start":{"line":40,"column":10},"end":{"line":40,"column":null}},"23":{"start":{"line":43,"column":6},"end":{"line":43,"column":null}},"24":{"start":{"line":46,"column":4},"end":{"line":46,"column":null}},"25":{"start":{"line":50,"column":16},"end":{"line":50,"column":53}},"26":{"start":{"line":54,"column":14},"end":{"line":54,"column":15}},"27":{"start":{"line":55,"column":4},"end":{"line":59,"column":null}},"28":{"start":{"line":56,"column":14},"end":{"line":56,"column":24}},"29":{"start":{"line":57,"column":6},"end":{"line":57,"column":null}},"30":{"start":{"line":58,"column":6},"end":{"line":58,"column":null}},"31":{"start":{"line":60,"column":4},"end":{"line":64,"column":null}},"32":{"start":{"line":61,"column":6},"end":{"line":61,"column":null}},"33":{"start":{"line":62,"column":11},"end":{"line":64,"column":null}},"34":{"start":{"line":63,"column":6},"end":{"line":63,"column":null}},"35":{"start":{"line":66,"column":4},"end":{"line":66,"column":null}},"36":{"start":{"line":68,"column":4},"end":{"line":68,"column":null}},"37":{"start":{"line":72,"column":16},"end":{"line":72,"column":52}},"38":{"start":{"line":73,"column":4},"end":{"line":75,"column":null}},"39":{"start":{"line":74,"column":6},"end":{"line":74,"column":null}},"40":{"start":{"line":76,"column":4},"end":{"line":76,"column":null}},"41":{"start":{"line":1,"column":0},"end":{"line":1,"column":21}}},"fnMap":{"0":{"name":"(anonymous_0)","decl":{"start":{"line":2,"column":2},"end":{"line":2,"column":25}},"loc":{"start":{"line":2,"column":39},"end":{"line":20,"column":3}}},"1":{"name":"(anonymous_1)","decl":{"start":{"line":8,"column":23},"end":{"line":8,"column":24}},"loc":{"start":{"line":8,"column":34},"end":{"line":17,"column":5}}},"2":{"name":"(anonymous_2)","decl":{"start":{"line":22,"column":2},"end":{"line":22,"column":27}},"loc":{"start":{"line":22,"column":41},"end":{"line":29,"column":3}}},"3":{"name":"(anonymous_3)","decl":{"start":{"line":24,"column":49},"end":{"line":24,"column":50}},"loc":{"start":{"line":24,"column":60},"end":{"line":26,"column":5}}},"4":{"name":"(anonymous_4)","decl":{"start":{"line":31,"column":2},"end":{"line":31,"column":30}},"loc":{"start":{"line":31,"column":44},"end":{"line":47,"column":3}}},"5":{"name":"(anonymous_5)","decl":{"start":{"line":35,"column":39},"end":{"line":35,"column":40}},"loc":{"start":{"line":35,"column":50},"end":{"line":44,"column":5}}},"6":{"name":"(anonymous_6)","decl":{"start":{"line":49,"column":2},"end":{"line":49,"column":30}},"loc":{"start":{"line":49,"column":44},"end":{"line":69,"column":3}}},"7":{"name":"(anonymous_7)","decl":{"start":{"line":71,"column":2},"end":{"line":71,"column":39}},"loc":{"start":{"line":71,"column":52},"end":{"line":77,"column":3}}}},"branchMap":{"0":{"loc":{"start":{"line":10,"column":6},"end":{"line":16,"column":null}},"type":"if","locations":[{"start":{"line":10,"column":6},"end":{"line":16,"column":null}},{"start":{"line":13,"column":13},"end":{"line":16,"column":null}}]},"1":{"loc":{"start":{"line":10,"column":10},"end":{"line":10,"column":39}},"type":"binary-expr","locations":[{"start":{"line":10,"column":10},"end":{"line":10,"column":22}},{"start":{"line":10,"column":26},"end":{"line":10,"column":39}}]},"2":{"loc":{"start":{"line":13,"column":13},"end":{"line":16,"column":null}},"type":"if","locations":[{"start":{"line":13,"column":13},"end":{"line":16,"column":null}}]},"3":{"loc":{"start":{"line":13,"column":17},"end":{"line":13,"column":45}},"type":"binary-expr","locations":[{"start":{"line":13,"column":17},"end":{"line":13,"column":29}},{"start":{"line":13,"column":33},"end":{"line":13,"column":45}}]},"4":{"loc":{"start":{"line":36,"column":6},"end":{"line":36,"column":null}},"type":"if","locations":[{"start":{"line":36,"column":6},"end":{"line":36,"column":null}}]},"5":{"loc":{"start":{"line":39,"column":8},"end":{"line":41,"column":null}},"type":"if","locations":[{"start":{"line":39,"column":8},"end":{"line":41,"column":null}}]},"6":{"loc":{"start":{"line":60,"column":4},"end":{"line":64,"column":null}},"type":"if","locations":[{"start":{"line":60,"column":4},"end":{"line":64,"column":null}},{"start":{"line":62,"column":11},"end":{"line":64,"column":null}}]},"7":{"loc":{"start":{"line":62,"column":11},"end":{"line":64,"column":null}},"type":"if","locations":[{"start":{"line":62,"column":11},"end":{"line":64,"column":null}}]},"8":{"loc":{"start":{"line":62,"column":15},"end":{"line":62,"column":34}},"type":"binary-expr","locations":[{"start":{"line":62,"column":15},"end":{"line":62,"column":22}},{"start":{"line":62,"column":26},"end":{"line":62,"column":34}}]},"9":{"loc":{"start":{"line":73,"column":4},"end":{"line":75,"column":null}},"type":"if","locations":[{"start":{"line":73,"column":4},"end":{"line":75,"column":null}}]},"10":{"loc":{"start":{"line":73,"column":8},"end":{"line":73,"column":42}},"type":"binary-expr","locations":[{"start":{"line":73,"column":8},"end":{"line":73,"column":23}},{"start":{"line":73,"column":27},"end":{"line":73,"column":42}}]}},"s":{"0":0,"1":0,"2":0,"3":0,"4":0,"5":0,"6":0,"7":0,"8":0,"9":0,"10":0,"11":0,"12":0,"13":0,"14":0,"15":0,"16":0,"17":0,"18":0,"19":0,"20":0,"21":0,"22":0,"23":0,"24":0,"25":0,"26":0,"27":0,"28":0,"29":0,"30":0,"31":0,"32":0,"33":0,"34":0,"35":0,"36":0,"37":0,"38":0,"39":0,"40":0,"41":0},"f":{"0":0,"1":0,"2":0,"3":0,"4":0,"5":0,"6":0,"7":0},"b":{"0":[0,0],"1":[0,0],"2":[0],"3":[0,0],"4":[0],"5":[0],"6":[0,0],"7":[0],"8":[0,0],"9":[0],"10":[0,0]}}
}
